This is pdfTeX, Version 3.141592653-2.6-1.40.27 (TeX Live 2025/nixos.org) (preloaded format=pdflatex 1980.1.1)  11 DEC 2025 16:34
entering extended mode
 restricted \write18 enabled.
 %&-line parsing enabled.
**poster.tex

(/nix/store/phgzpfd1ghxamcz18bi1rivm0xqz7n73-texlive-combined-2025-texmfdist/te
x/generic/poster-mac/poster.tex
LaTeX2e <2025-06-01> patch level 1
L3 programming layer <2025-06-09>
  v1.1  10/05/15  <tvz>
\@posterbox=\box53
\poster@savedbox=\box54
\poster@cropbox=\box55
)
*
! Emergency stop.
<*> 
    
End of file on the terminal!

 
Here is how much of TeX's memory you used:
 75 strings out of 467888
 1431 string characters out of 5412697
 425018 words of memory out of 5000000
 28728 multiletter control sequences out of 15000+600000
 626825 words of font info for 40 fonts, out of 8000000 for 9000
 1141 hyphenation exceptions out of 8191
 12i,0n,13p,90b,8s stack positions out of 10000i,1000n,20000p,200000b,200000s
!  ==> Fatal error occurred, no output PDF file produced!
