This is pdfTeX, Version 3.141592653-2.6-1.40.27 (TeX Live 2025/nixos.org) (preloaded format=pdflatex 1980.1.1)  11 DEC 2025 16:35
entering extended mode
 restricted \write18 enabled.
 file:line:error style messages enabled.
 %&-line parsing enabled.
**/Users/igorjakus/Projects/dinomite/poster/poster.tex
(/Users/igorjakus/Projects/dinomite/poster/poster.tex
LaTeX2e <2025-06-01> patch level 1
L3 programming layer <2025-06-09>
(./baposter.cls
Document Class: baposter 2011/11/26 v2.0 baposter class
(/nix/store/phgzpfd1ghxamcz18bi1rivm0xqz7n73-texlive-combined-2025-texmfdist/tex/latex/base/article.cls
Document Class: article 2025/01/22 v1.4n Standard LaTeX document class
(/nix/store/phgzpfd1ghxamcz18bi1rivm0xqz7n73-texlive-combined-2025-texmfdist/tex/latex/base/size10.clo
File: size10.clo 2025/01/22 v1.4n Standard LaTeX file (size option)
)
\c@part=\count275
\c@section=\count276
\c@subsection=\count277
\c@subsubsection=\count278
\c@paragraph=\count279
\c@subparagraph=\count280
\c@figure=\count281
\c@table=\count282
\abovecaptionskip=\skip49
\belowcaptionskip=\skip50
\bibindent=\dimen148
)
baposter: Brian Amberg, 2007, 2008, 2009, 2010, 2011 | http://www.brian-amberg.de/uni/poster/
baposter: Reinhold Kainhofer, 2011 | http://reinhold.kainhofer.com/
\baposter@basepaperwidth=\skip51
\baposter@basepaperheight=\skip52
\baposter@basemargin=\skip53
\baposter@finalpaperwidth=\skip54
\baposter@finalpaperheight=\skip55
\baposter@finalmargin=\skip56
\headerheight=\skip57
\colwidth=\skip58
\colheight=\skip59
\baposter@@colspacing=\skip60
\baposter@box@@cornerradius=\skip61
\baposter@box@@boxheaderheight=\skip62
\baposter@box@@boxpadding=\skip63
\boxstartx=\skip64
\boxstarty=\skip65
\boxwidth=\skip66
\boxheight=\skip67
\baposter@titleimage@left@width=\skip68
\baposter@titleimage@right@width=\skip69
\baposter@titleimage@textwidth=\skip70
\baposter@box@content=\box53
\baposter@titleimage@left=\box54
\baposter@titleimage@title=\box55
\baposter@titleimage@right=\box56
Use Packages
(/nix/store/phgzpfd1ghxamcz18bi1rivm0xqz7n73-texlive-combined-2025-texmfdist/tex/latex/xkeyval/xkeyval.sty
Package: xkeyval 2022/06/16 v2.9 package option processing (HA)
 (/nix/store/phgzpfd1ghxamcz18bi1rivm0xqz7n73-texlive-combined-2025-texmfdist/tex/generic/xkeyval/xkeyval.tex (/nix/store/phgzpfd1ghxamcz18bi1rivm0xqz7n73-texlive-combined-2025-texmfdist/tex/generic/xkeyval/xkvutils.tex
\XKV@toks=\toks17
\XKV@tempa@toks=\toks18
 (/nix/store/phgzpfd1ghxamcz18bi1rivm0xqz7n73-texlive-combined-2025-texmfdist/tex/generic/xkeyval/keyval.tex))
\XKV@depth=\count283
File: xkeyval.tex 2014/12/03 v2.7a key=value parser (HA)
)) (/nix/store/phgzpfd1ghxamcz18bi1rivm0xqz7n73-texlive-combined-2025-texmfdist/tex/latex/tools/calc.sty
Package: calc 2025/03/01 v4.3b Infix arithmetic (KKT,FJ)
\calc@Acount=\count284
\calc@Bcount=\count285
\calc@Adimen=\dimen149
\calc@Bdimen=\dimen150
\calc@Askip=\skip71
\calc@Bskip=\skip72
LaTeX Info: Redefining \setlength on input line 86.
LaTeX Info: Redefining \addtolength on input line 87.
\calc@Ccount=\count286
\calc@Cskip=\skip73
) (/nix/store/phgzpfd1ghxamcz18bi1rivm0xqz7n73-texlive-combined-2025-texmfdist/tex/latex/xcolor/xcolor.sty
Package: xcolor 2024/09/29 v3.02 LaTeX color extensions (UK)
 (/nix/store/phgzpfd1ghxamcz18bi1rivm0xqz7n73-texlive-combined-2025-texmfdist/tex/latex/graphics-cfg/color.cfg
File: color.cfg 2016/01/02 v1.6 sample color configuration
)
Package xcolor Info: Driver file: pdftex.def on input line 274.
 (/nix/store/phgzpfd1ghxamcz18bi1rivm0xqz7n73-texlive-combined-2025-texmfdist/tex/latex/graphics-def/pdftex.def
File: pdftex.def 2024/04/13 v1.2c Graphics/color driver for pdftex
) (/nix/store/phgzpfd1ghxamcz18bi1rivm0xqz7n73-texlive-combined-2025-texmfdist/tex/latex/graphics/mathcolor.ltx)
Package xcolor Info: Model `cmy' substituted by `cmy0' on input line 1349.
Package xcolor Info: Model `hsb' substituted by `rgb' on input line 1353.
Package xcolor Info: Model `RGB' extended on input line 1365.
Package xcolor Info: Model `HTML' substituted by `rgb' on input line 1367.
Package xcolor Info: Model `Hsb' substituted by `hsb' on input line 1368.
Package xcolor Info: Model `tHsb' substituted by `hsb' on input line 1369.
Package xcolor Info: Model `HSB' substituted by `hsb' on input line 1370.
Package xcolor Info: Model `Gray' substituted by `gray' on input line 1371.
Package xcolor Info: Model `wave' substituted by `hsb' on input line 1372.
) (/nix/store/phgzpfd1ghxamcz18bi1rivm0xqz7n73-texlive-combined-2025-texmfdist/tex/latex/pgf/frontendlayer/tikz.sty (/nix/store/phgzpfd1ghxamcz18bi1rivm0xqz7n73-texlive-combined-2025-texmfdist/tex/latex/pgf/basiclayer/pgf.sty (/nix/store/phgzpfd1ghxamcz18bi1rivm0xqz7n73-texlive-combined-2025-texmfdist/tex/latex/pgf/utilities/pgfrcs.sty (/nix/store/phgzpfd1ghxamcz18bi1rivm0xqz7n73-texlive-combined-2025-texmfdist/tex/generic/pgf/utilities/pgfutil-common.tex
\pgfutil@everybye=\toks19
\pgfutil@tempdima=\dimen151
\pgfutil@tempdimb=\dimen152
) (/nix/store/phgzpfd1ghxamcz18bi1rivm0xqz7n73-texlive-combined-2025-texmfdist/tex/generic/pgf/utilities/pgfutil-latex.def
\pgfutil@abb=\box57
) (/nix/store/phgzpfd1ghxamcz18bi1rivm0xqz7n73-texlive-combined-2025-texmfdist/tex/generic/pgf/utilities/pgfrcs.code.tex (/nix/store/phgzpfd1ghxamcz18bi1rivm0xqz7n73-texlive-combined-2025-texmfdist/tex/generic/pgf/pgf.revision.tex)
Package: pgfrcs 2023-01-15 v3.1.10 (3.1.10)
))
Package: pgf 2023-01-15 v3.1.10 (3.1.10)
 (/nix/store/phgzpfd1ghxamcz18bi1rivm0xqz7n73-texlive-combined-2025-texmfdist/tex/latex/pgf/basiclayer/pgfcore.sty (/nix/store/phgzpfd1ghxamcz18bi1rivm0xqz7n73-texlive-combined-2025-texmfdist/tex/latex/graphics/graphicx.sty
Package: graphicx 2024/12/31 v1.2e Enhanced LaTeX Graphics (DPC,SPQR)
 (/nix/store/phgzpfd1ghxamcz18bi1rivm0xqz7n73-texlive-combined-2025-texmfdist/tex/latex/graphics/graphics.sty
Package: graphics 2024/08/06 v1.4g Standard LaTeX Graphics (DPC,SPQR)
 (/nix/store/phgzpfd1ghxamcz18bi1rivm0xqz7n73-texlive-combined-2025-texmfdist/tex/latex/graphics/trig.sty
Package: trig 2023/12/02 v1.11 sin cos tan (DPC)
) (/nix/store/phgzpfd1ghxamcz18bi1rivm0xqz7n73-texlive-combined-2025-texmfdist/tex/latex/graphics-cfg/graphics.cfg
File: graphics.cfg 2016/06/04 v1.11 sample graphics configuration
)
Package graphics Info: Driver file: pdftex.def on input line 106.
)
\Gin@req@height=\dimen153
\Gin@req@width=\dimen154
) (/nix/store/phgzpfd1ghxamcz18bi1rivm0xqz7n73-texlive-combined-2025-texmfdist/tex/latex/pgf/systemlayer/pgfsys.sty (/nix/store/phgzpfd1ghxamcz18bi1rivm0xqz7n73-texlive-combined-2025-texmfdist/tex/generic/pgf/systemlayer/pgfsys.code.tex
Package: pgfsys 2023-01-15 v3.1.10 (3.1.10)
 (/nix/store/phgzpfd1ghxamcz18bi1rivm0xqz7n73-texlive-combined-2025-texmfdist/tex/generic/pgf/utilities/pgfkeys.code.tex
\pgfkeys@pathtoks=\toks20
\pgfkeys@temptoks=\toks21
 (/nix/store/phgzpfd1ghxamcz18bi1rivm0xqz7n73-texlive-combined-2025-texmfdist/tex/generic/pgf/utilities/pgfkeyslibraryfiltered.code.tex
\pgfkeys@tmptoks=\toks22
))
\pgf@x=\dimen155
\pgf@y=\dimen156
\pgf@xa=\dimen157
\pgf@ya=\dimen158
\pgf@xb=\dimen159
\pgf@yb=\dimen160
\pgf@xc=\dimen161
\pgf@yc=\dimen162
\pgf@xd=\dimen163
\pgf@yd=\dimen164
\w@pgf@writea=\write3
\r@pgf@reada=\read2
\c@pgf@counta=\count287
\c@pgf@countb=\count288
\c@pgf@countc=\count289
\c@pgf@countd=\count290
\t@pgf@toka=\toks23
\t@pgf@tokb=\toks24
\t@pgf@tokc=\toks25
\pgf@sys@id@count=\count291
 (/nix/store/phgzpfd1ghxamcz18bi1rivm0xqz7n73-texlive-combined-2025-texmfdist/tex/generic/pgf/systemlayer/pgf.cfg
File: pgf.cfg 2023-01-15 v3.1.10 (3.1.10)
)
Driver file for pgf: pgfsys-pdftex.def
 (/nix/store/phgzpfd1ghxamcz18bi1rivm0xqz7n73-texlive-combined-2025-texmfdist/tex/generic/pgf/systemlayer/pgfsys-pdftex.def
File: pgfsys-pdftex.def 2023-01-15 v3.1.10 (3.1.10)
 (/nix/store/phgzpfd1ghxamcz18bi1rivm0xqz7n73-texlive-combined-2025-texmfdist/tex/generic/pgf/systemlayer/pgfsys-common-pdf.def
File: pgfsys-common-pdf.def 2023-01-15 v3.1.10 (3.1.10)
))) (/nix/store/phgzpfd1ghxamcz18bi1rivm0xqz7n73-texlive-combined-2025-texmfdist/tex/generic/pgf/systemlayer/pgfsyssoftpath.code.tex
File: pgfsyssoftpath.code.tex 2023-01-15 v3.1.10 (3.1.10)
\pgfsyssoftpath@smallbuffer@items=\count292
\pgfsyssoftpath@bigbuffer@items=\count293
) (/nix/store/phgzpfd1ghxamcz18bi1rivm0xqz7n73-texlive-combined-2025-texmfdist/tex/generic/pgf/systemlayer/pgfsysprotocol.code.tex
File: pgfsysprotocol.code.tex 2023-01-15 v3.1.10 (3.1.10)
)) (/nix/store/phgzpfd1ghxamcz18bi1rivm0xqz7n73-texlive-combined-2025-texmfdist/tex/generic/pgf/basiclayer/pgfcore.code.tex
Package: pgfcore 2023-01-15 v3.1.10 (3.1.10)
 (/nix/store/phgzpfd1ghxamcz18bi1rivm0xqz7n73-texlive-combined-2025-texmfdist/tex/generic/pgf/math/pgfmath.code.tex (/nix/store/phgzpfd1ghxamcz18bi1rivm0xqz7n73-texlive-combined-2025-texmfdist/tex/generic/pgf/math/pgfmathutil.code.tex) (/nix/store/phgzpfd1ghxamcz18bi1rivm0xqz7n73-texlive-combined-2025-texmfdist/tex/generic/pgf/math/pgfmathparser.code.tex
\pgfmath@dimen=\dimen165
\pgfmath@count=\count294
\pgfmath@box=\box58
\pgfmath@toks=\toks26
\pgfmath@stack@operand=\toks27
\pgfmath@stack@operation=\toks28
) (/nix/store/phgzpfd1ghxamcz18bi1rivm0xqz7n73-texlive-combined-2025-texmfdist/tex/generic/pgf/math/pgfmathfunctions.code.tex) (/nix/store/phgzpfd1ghxamcz18bi1rivm0xqz7n73-texlive-combined-2025-texmfdist/tex/generic/pgf/math/pgfmathfunctions.basic.code.tex) (/nix/store/phgzpfd1ghxamcz18bi1rivm0xqz7n73-texlive-combined-2025-texmfdist/tex/generic/pgf/math/pgfmathfunctions.trigonometric.code.tex) (/nix/store/phgzpfd1ghxamcz18bi1rivm0xqz7n73-texlive-combined-2025-texmfdist/tex/generic/pgf/math/pgfmathfunctions.random.code.tex) (/nix/store/phgzpfd1ghxamcz18bi1rivm0xqz7n73-texlive-combined-2025-texmfdist/tex/generic/pgf/math/pgfmathfunctions.comparison.code.tex) (/nix/store/phgzpfd1ghxamcz18bi1rivm0xqz7n73-texlive-combined-2025-texmfdist/tex/generic/pgf/math/pgfmathfunctions.base.code.tex) (/nix/store/phgzpfd1ghxamcz18bi1rivm0xqz7n73-texlive-combined-2025-texmfdist/tex/generic/pgf/math/pgfmathfunctions.round.code.tex) (/nix/store/phgzpfd1ghxamcz18bi1rivm0xqz7n73-texlive-combined-2025-texmfdist/tex/generic/pgf/math/pgfmathfunctions.misc.code.tex) (/nix/store/phgzpfd1ghxamcz18bi1rivm0xqz7n73-texlive-combined-2025-texmfdist/tex/generic/pgf/math/pgfmathfunctions.integerarithmetics.code.tex) (/nix/store/phgzpfd1ghxamcz18bi1rivm0xqz7n73-texlive-combined-2025-texmfdist/tex/generic/pgf/math/pgfmathcalc.code.tex) (/nix/store/phgzpfd1ghxamcz18bi1rivm0xqz7n73-texlive-combined-2025-texmfdist/tex/generic/pgf/math/pgfmathfloat.code.tex
\c@pgfmathroundto@lastzeros=\count295
)) (/nix/store/phgzpfd1ghxamcz18bi1rivm0xqz7n73-texlive-combined-2025-texmfdist/tex/generic/pgf/math/pgfint.code.tex) (/nix/store/phgzpfd1ghxamcz18bi1rivm0xqz7n73-texlive-combined-2025-texmfdist/tex/generic/pgf/basiclayer/pgfcorepoints.code.tex
File: pgfcorepoints.code.tex 2023-01-15 v3.1.10 (3.1.10)
\pgf@picminx=\dimen166
\pgf@picmaxx=\dimen167
\pgf@picminy=\dimen168
\pgf@picmaxy=\dimen169
\pgf@pathminx=\dimen170
\pgf@pathmaxx=\dimen171
\pgf@pathminy=\dimen172
\pgf@pathmaxy=\dimen173
\pgf@xx=\dimen174
\pgf@xy=\dimen175
\pgf@yx=\dimen176
\pgf@yy=\dimen177
\pgf@zx=\dimen178
\pgf@zy=\dimen179
) (/nix/store/phgzpfd1ghxamcz18bi1rivm0xqz7n73-texlive-combined-2025-texmfdist/tex/generic/pgf/basiclayer/pgfcorepathconstruct.code.tex
File: pgfcorepathconstruct.code.tex 2023-01-15 v3.1.10 (3.1.10)
\pgf@path@lastx=\dimen180
\pgf@path@lasty=\dimen181
) (/nix/store/phgzpfd1ghxamcz18bi1rivm0xqz7n73-texlive-combined-2025-texmfdist/tex/generic/pgf/basiclayer/pgfcorepathusage.code.tex
File: pgfcorepathusage.code.tex 2023-01-15 v3.1.10 (3.1.10)
\pgf@shorten@end@additional=\dimen182
\pgf@shorten@start@additional=\dimen183
) (/nix/store/phgzpfd1ghxamcz18bi1rivm0xqz7n73-texlive-combined-2025-texmfdist/tex/generic/pgf/basiclayer/pgfcorescopes.code.tex
File: pgfcorescopes.code.tex 2023-01-15 v3.1.10 (3.1.10)
\pgfpic=\box59
\pgf@hbox=\box60
\pgf@layerbox@main=\box61
\pgf@picture@serial@count=\count296
) (/nix/store/phgzpfd1ghxamcz18bi1rivm0xqz7n73-texlive-combined-2025-texmfdist/tex/generic/pgf/basiclayer/pgfcoregraphicstate.code.tex
File: pgfcoregraphicstate.code.tex 2023-01-15 v3.1.10 (3.1.10)
\pgflinewidth=\dimen184
) (/nix/store/phgzpfd1ghxamcz18bi1rivm0xqz7n73-texlive-combined-2025-texmfdist/tex/generic/pgf/basiclayer/pgfcoretransformations.code.tex
File: pgfcoretransformations.code.tex 2023-01-15 v3.1.10 (3.1.10)
\pgf@pt@x=\dimen185
\pgf@pt@y=\dimen186
\pgf@pt@temp=\dimen187
) (/nix/store/phgzpfd1ghxamcz18bi1rivm0xqz7n73-texlive-combined-2025-texmfdist/tex/generic/pgf/basiclayer/pgfcorequick.code.tex
File: pgfcorequick.code.tex 2023-01-15 v3.1.10 (3.1.10)
) (/nix/store/phgzpfd1ghxamcz18bi1rivm0xqz7n73-texlive-combined-2025-texmfdist/tex/generic/pgf/basiclayer/pgfcoreobjects.code.tex
File: pgfcoreobjects.code.tex 2023-01-15 v3.1.10 (3.1.10)
) (/nix/store/phgzpfd1ghxamcz18bi1rivm0xqz7n73-texlive-combined-2025-texmfdist/tex/generic/pgf/basiclayer/pgfcorepathprocessing.code.tex
File: pgfcorepathprocessing.code.tex 2023-01-15 v3.1.10 (3.1.10)
) (/nix/store/phgzpfd1ghxamcz18bi1rivm0xqz7n73-texlive-combined-2025-texmfdist/tex/generic/pgf/basiclayer/pgfcorearrows.code.tex
File: pgfcorearrows.code.tex 2023-01-15 v3.1.10 (3.1.10)
\pgfarrowsep=\dimen188
) (/nix/store/phgzpfd1ghxamcz18bi1rivm0xqz7n73-texlive-combined-2025-texmfdist/tex/generic/pgf/basiclayer/pgfcoreshade.code.tex
File: pgfcoreshade.code.tex 2023-01-15 v3.1.10 (3.1.10)
\pgf@max=\dimen189
\pgf@sys@shading@range@num=\count297
\pgf@shadingcount=\count298
) (/nix/store/phgzpfd1ghxamcz18bi1rivm0xqz7n73-texlive-combined-2025-texmfdist/tex/generic/pgf/basiclayer/pgfcoreimage.code.tex
File: pgfcoreimage.code.tex 2023-01-15 v3.1.10 (3.1.10)
) (/nix/store/phgzpfd1ghxamcz18bi1rivm0xqz7n73-texlive-combined-2025-texmfdist/tex/generic/pgf/basiclayer/pgfcoreexternal.code.tex
File: pgfcoreexternal.code.tex 2023-01-15 v3.1.10 (3.1.10)
\pgfexternal@startupbox=\box62
) (/nix/store/phgzpfd1ghxamcz18bi1rivm0xqz7n73-texlive-combined-2025-texmfdist/tex/generic/pgf/basiclayer/pgfcorelayers.code.tex
File: pgfcorelayers.code.tex 2023-01-15 v3.1.10 (3.1.10)
) (/nix/store/phgzpfd1ghxamcz18bi1rivm0xqz7n73-texlive-combined-2025-texmfdist/tex/generic/pgf/basiclayer/pgfcoretransparency.code.tex
File: pgfcoretransparency.code.tex 2023-01-15 v3.1.10 (3.1.10)
) (/nix/store/phgzpfd1ghxamcz18bi1rivm0xqz7n73-texlive-combined-2025-texmfdist/tex/generic/pgf/basiclayer/pgfcorepatterns.code.tex
File: pgfcorepatterns.code.tex 2023-01-15 v3.1.10 (3.1.10)
) (/nix/store/phgzpfd1ghxamcz18bi1rivm0xqz7n73-texlive-combined-2025-texmfdist/tex/generic/pgf/basiclayer/pgfcorerdf.code.tex
File: pgfcorerdf.code.tex 2023-01-15 v3.1.10 (3.1.10)
))) (/nix/store/phgzpfd1ghxamcz18bi1rivm0xqz7n73-texlive-combined-2025-texmfdist/tex/generic/pgf/modules/pgfmoduleshapes.code.tex
File: pgfmoduleshapes.code.tex 2023-01-15 v3.1.10 (3.1.10)
\pgfnodeparttextbox=\box63
) (/nix/store/phgzpfd1ghxamcz18bi1rivm0xqz7n73-texlive-combined-2025-texmfdist/tex/generic/pgf/modules/pgfmoduleplot.code.tex
File: pgfmoduleplot.code.tex 2023-01-15 v3.1.10 (3.1.10)
) (/nix/store/phgzpfd1ghxamcz18bi1rivm0xqz7n73-texlive-combined-2025-texmfdist/tex/latex/pgf/compatibility/pgfcomp-version-0-65.sty
Package: pgfcomp-version-0-65 2023-01-15 v3.1.10 (3.1.10)
\pgf@nodesepstart=\dimen190
\pgf@nodesepend=\dimen191
) (/nix/store/phgzpfd1ghxamcz18bi1rivm0xqz7n73-texlive-combined-2025-texmfdist/tex/latex/pgf/compatibility/pgfcomp-version-1-18.sty
Package: pgfcomp-version-1-18 2023-01-15 v3.1.10 (3.1.10)
)) (/nix/store/phgzpfd1ghxamcz18bi1rivm0xqz7n73-texlive-combined-2025-texmfdist/tex/latex/pgf/utilities/pgffor.sty (/nix/store/phgzpfd1ghxamcz18bi1rivm0xqz7n73-texlive-combined-2025-texmfdist/tex/latex/pgf/utilities/pgfkeys.sty (/nix/store/phgzpfd1ghxamcz18bi1rivm0xqz7n73-texlive-combined-2025-texmfdist/tex/generic/pgf/utilities/pgfkeys.code.tex)) (/nix/store/phgzpfd1ghxamcz18bi1rivm0xqz7n73-texlive-combined-2025-texmfdist/tex/latex/pgf/math/pgfmath.sty (/nix/store/phgzpfd1ghxamcz18bi1rivm0xqz7n73-texlive-combined-2025-texmfdist/tex/generic/pgf/math/pgfmath.code.tex)) (/nix/store/phgzpfd1ghxamcz18bi1rivm0xqz7n73-texlive-combined-2025-texmfdist/tex/generic/pgf/utilities/pgffor.code.tex
Package: pgffor 2023-01-15 v3.1.10 (3.1.10)
\pgffor@iter=\dimen192
\pgffor@skip=\dimen193
\pgffor@stack=\toks29
\pgffor@toks=\toks30
)) (/nix/store/phgzpfd1ghxamcz18bi1rivm0xqz7n73-texlive-combined-2025-texmfdist/tex/generic/pgf/frontendlayer/tikz/tikz.code.tex
Package: tikz 2023-01-15 v3.1.10 (3.1.10)
 (/nix/store/phgzpfd1ghxamcz18bi1rivm0xqz7n73-texlive-combined-2025-texmfdist/tex/generic/pgf/libraries/pgflibraryplothandlers.code.tex
File: pgflibraryplothandlers.code.tex 2023-01-15 v3.1.10 (3.1.10)
\pgf@plot@mark@count=\count299
\pgfplotmarksize=\dimen194
)
\tikz@lastx=\dimen195
\tikz@lasty=\dimen196
\tikz@lastxsaved=\dimen197
\tikz@lastysaved=\dimen198
\tikz@lastmovetox=\dimen199
\tikz@lastmovetoy=\dimen256
\tikzleveldistance=\dimen257
\tikzsiblingdistance=\dimen258
\tikz@figbox=\box64
\tikz@figbox@bg=\box65
\tikz@tempbox=\box66
\tikz@tempbox@bg=\box67
\tikztreelevel=\count300
\tikznumberofchildren=\count301
\tikznumberofcurrentchild=\count302
\tikz@fig@count=\count303
 (/nix/store/phgzpfd1ghxamcz18bi1rivm0xqz7n73-texlive-combined-2025-texmfdist/tex/generic/pgf/modules/pgfmodulematrix.code.tex
File: pgfmodulematrix.code.tex 2023-01-15 v3.1.10 (3.1.10)
\pgfmatrixcurrentrow=\count304
\pgfmatrixcurrentcolumn=\count305
\pgf@matrix@numberofcolumns=\count306
)
\tikz@expandcount=\count307
 (/nix/store/phgzpfd1ghxamcz18bi1rivm0xqz7n73-texlive-combined-2025-texmfdist/tex/generic/pgf/frontendlayer/tikz/libraries/tikzlibrarytopaths.code.tex
File: tikzlibrarytopaths.code.tex 2023-01-15 v3.1.10 (3.1.10)
))) (/nix/store/phgzpfd1ghxamcz18bi1rivm0xqz7n73-texlive-combined-2025-texmfdist/tex/latex/base/ifthen.sty
Package: ifthen 2024/03/16 v1.1e Standard LaTeX ifthen package (DPC)
) (/nix/store/phgzpfd1ghxamcz18bi1rivm0xqz7n73-texlive-combined-2025-texmfdist/tex/latex/base/fontenc.sty
Package: fontenc 2024/12/21 v2.1c Standard LaTeX package
) (/nix/store/phgzpfd1ghxamcz18bi1rivm0xqz7n73-texlive-combined-2025-texmfdist/tex/generic/pgf/frontendlayer/tikz/libraries/tikzlibrarydecorations.code.tex (/nix/store/phgzpfd1ghxamcz18bi1rivm0xqz7n73-texlive-combined-2025-texmfdist/tex/generic/pgf/modules/pgfmoduledecorations.code.tex
\pgfdecoratedcompleteddistance=\dimen259
\pgfdecoratedremainingdistance=\dimen260
\pgfdecoratedinputsegmentcompleteddistance=\dimen261
\pgfdecoratedinputsegmentremainingdistance=\dimen262
\pgf@decorate@distancetomove=\dimen263
\pgf@decorate@repeatstate=\count308
\pgfdecorationsegmentamplitude=\dimen264
\pgfdecorationsegmentlength=\dimen265
)
\tikz@lib@dec@box=\box68
)
(/nix/store/phgzpfd1ghxamcz18bi1rivm0xqz7n73-texlive-combined-2025-texmfdist/tex/generic/pgf/frontendlayer/tikz/libraries/tikzlibraryfadings.code.tex
File: tikzlibraryfadings.code.tex 2023-01-15 v3.1.10 (3.1.10)
 (/nix/store/phgzpfd1ghxamcz18bi1rivm0xqz7n73-texlive-combined-2025-texmfdist/tex/generic/pgf/libraries/pgflibraryfadings.code.tex
File: pgflibraryfadings.code.tex 2023-01-15 v3.1.10 (3.1.10)
)) (/nix/store/phgzpfd1ghxamcz18bi1rivm0xqz7n73-texlive-combined-2025-texmfdist/tex/generic/pgf/frontendlayer/tikz/libraries/tikzlibrarysnakes.code.tex
File: tikzlibrarysnakes.code.tex 2023-01-15 v3.1.10 (3.1.10)


Package pgf Warning: Snakes have been superseded by decorations. Please use the decoration libraries instead of the snakes library on input line 14.

(/nix/store/phgzpfd1ghxamcz18bi1rivm0xqz7n73-texlive-combined-2025-texmfdist/tex/generic/pgf/frontendlayer/tikz/libraries/tikzlibrarydecorations.pathmorphing.code.tex (/nix/store/phgzpfd1ghxamcz18bi1rivm0xqz7n73-texlive-combined-2025-texmfdist/tex/generic/pgf/libraries/decorations/pgflibrarydecorations.pathmorphing.code.tex)) (/nix/store/phgzpfd1ghxamcz18bi1rivm0xqz7n73-texlive-combined-2025-texmfdist/tex/generic/pgf/frontendlayer/tikz/libraries/tikzlibrarydecorations.pathreplacing.code.tex (/nix/store/phgzpfd1ghxamcz18bi1rivm0xqz7n73-texlive-combined-2025-texmfdist/tex/generic/pgf/libraries/decorations/pgflibrarydecorations.pathreplacing.code.tex)) (/nix/store/phgzpfd1ghxamcz18bi1rivm0xqz7n73-texlive-combined-2025-texmfdist/tex/generic/pgf/frontendlayer/tikz/libraries/tikzlibrarydecorations.shapes.code.tex (/nix/store/phgzpfd1ghxamcz18bi1rivm0xqz7n73-texlive-combined-2025-texmfdist/tex/generic/pgf/libraries/decorations/pgflibrarydecorations.shapes.code.tex))) (/nix/store/phgzpfd1ghxamcz18bi1rivm0xqz7n73-texlive-combined-2025-texmfdist/tex/generic/pgf/frontendlayer/tikz/libraries/tikzlibrarycalc.code.tex
File: tikzlibrarycalc.code.tex 2023-01-15 v3.1.10 (3.1.10)
)
\baposter@movebody=\skip74
\baposter@basemarginright=\skip75
\baposter@basemarginleft=\skip76

Paperwidth=1690.09369pt
Paperheight=2392.87677pt
BasePaperwidth=912.63924pt
BasePaperheight=1292.13739pt
(/nix/store/phgzpfd1ghxamcz18bi1rivm0xqz7n73-texlive-combined-2025-texmfdist/tex/latex/geometry/geometry.sty
Package: geometry 2020/01/02 v5.9 Page Geometry
 (/nix/store/phgzpfd1ghxamcz18bi1rivm0xqz7n73-texlive-combined-2025-texmfdist/tex/generic/iftex/ifvtex.sty
Package: ifvtex 2019/10/25 v1.7 ifvtex legacy package. Use iftex instead.
 (/nix/store/phgzpfd1ghxamcz18bi1rivm0xqz7n73-texlive-combined-2025-texmfdist/tex/generic/iftex/iftex.sty
Package: iftex 2024/12/12 v1.0g TeX engine tests
))
\Gm@cnth=\count309
\Gm@cntv=\count310
\c@Gm@tempcnt=\count311
\Gm@bindingoffset=\dimen266
\Gm@wd@mp=\dimen267
\Gm@odd@mp=\dimen268
\Gm@even@mp=\dimen269
\Gm@layoutwidth=\dimen270
\Gm@layoutheight=\dimen271
\Gm@layouthoffset=\dimen272
\Gm@layoutvoffset=\dimen273
\Gm@dimlist=\toks31
) (/nix/store/phgzpfd1ghxamcz18bi1rivm0xqz7n73-texlive-combined-2025-texmfdist/tex/latex/pgf/utilities/pgfpages.sty
Package: pgfpages 2011/01/05 ver 0.02
\pgf@logicalpages=\count312
\pgf@firstshipout=\count313
\pgf@lastshipout=\count314
\pgf@currentshipout=\count315
\pgf@cpn=\count316
\pgf@shipoutnextto=\count317
\pgfphysicalheight=\dimen274
\pgfphysicalwidth=\dimen275
\pgfpages@shipoutbox=\box69
)
\pgfpages@box@1=\box70
) (/nix/store/phgzpfd1ghxamcz18bi1rivm0xqz7n73-texlive-combined-2025-texmfdist/tex/latex/amsfonts/amssymb.sty
Package: amssymb 2013/01/14 v3.01 AMS font symbols
 (/nix/store/phgzpfd1ghxamcz18bi1rivm0xqz7n73-texlive-combined-2025-texmfdist/tex/latex/amsfonts/amsfonts.sty
Package: amsfonts 2013/01/14 v3.01 Basic AMSFonts support
\@emptytoks=\toks32
\symAMSa=\mathgroup4
\symAMSb=\mathgroup5
LaTeX Font Info:    Redeclaring math symbol \hbar on input line 98.
LaTeX Font Info:    Overwriting math alphabet `\mathfrak' in version `bold'
(Font)                  U/euf/m/n --> U/euf/b/n on input line 106.
)) (/nix/store/phgzpfd1ghxamcz18bi1rivm0xqz7n73-texlive-combined-2025-texmfdist/tex/latex/mathtools/mathtools.sty
Package: mathtools 2024/10/04 v1.31 mathematical typesetting tools
 (/nix/store/phgzpfd1ghxamcz18bi1rivm0xqz7n73-texlive-combined-2025-texmfdist/tex/latex/mathtools/mhsetup.sty
Package: mhsetup 2021/03/18 v1.4 programming setup (MH)
) (/nix/store/phgzpfd1ghxamcz18bi1rivm0xqz7n73-texlive-combined-2025-texmfdist/tex/latex/amsmath/amsmath.sty
Package: amsmath 2025/06/16 v2.17y AMS math features
\@mathmargin=\skip77

For additional information on amsmath, use the `?' option.
(/nix/store/phgzpfd1ghxamcz18bi1rivm0xqz7n73-texlive-combined-2025-texmfdist/tex/latex/amsmath/amstext.sty
Package: amstext 2024/11/17 v2.01 AMS text
 (/nix/store/phgzpfd1ghxamcz18bi1rivm0xqz7n73-texlive-combined-2025-texmfdist/tex/latex/amsmath/amsgen.sty
File: amsgen.sty 1999/11/30 v2.0 generic functions
\@emptytoks=\toks33
\ex@=\dimen276
)) (/nix/store/phgzpfd1ghxamcz18bi1rivm0xqz7n73-texlive-combined-2025-texmfdist/tex/latex/amsmath/amsbsy.sty
Package: amsbsy 1999/11/29 v1.2d Bold Symbols
\pmbraise@=\dimen277
) (/nix/store/phgzpfd1ghxamcz18bi1rivm0xqz7n73-texlive-combined-2025-texmfdist/tex/latex/amsmath/amsopn.sty
Package: amsopn 2022/04/08 v2.04 operator names
)
\inf@bad=\count318
LaTeX Info: Redefining \frac on input line 233.
\uproot@=\count319
\leftroot@=\count320
LaTeX Info: Redefining \overline on input line 398.
LaTeX Info: Redefining \colon on input line 409.
\classnum@=\count321
\DOTSCASE@=\count322
LaTeX Info: Redefining \ldots on input line 495.
LaTeX Info: Redefining \dots on input line 498.
LaTeX Info: Redefining \cdots on input line 619.
\Mathstrutbox@=\box71
\strutbox@=\box72
LaTeX Info: Redefining \big on input line 721.
LaTeX Info: Redefining \Big on input line 722.
LaTeX Info: Redefining \bigg on input line 723.
LaTeX Info: Redefining \Bigg on input line 724.
\big@size=\dimen278
LaTeX Font Info:    Redeclaring font encoding OML on input line 742.
LaTeX Font Info:    Redeclaring font encoding OMS on input line 743.
\macc@depth=\count323
LaTeX Info: Redefining \bmod on input line 904.
LaTeX Info: Redefining \pmod on input line 909.
LaTeX Info: Redefining \smash on input line 939.
LaTeX Info: Redefining \relbar on input line 969.
LaTeX Info: Redefining \Relbar on input line 970.
\c@MaxMatrixCols=\count324
\dotsspace@=\muskip17
\c@parentequation=\count325
\dspbrk@lvl=\count326
\tag@help=\toks34
\row@=\count327
\column@=\count328
\maxfields@=\count329
\andhelp@=\toks35
\eqnshift@=\dimen279
\alignsep@=\dimen280
\tagshift@=\dimen281
\tagwidth@=\dimen282
\totwidth@=\dimen283
\lineht@=\dimen284
\@envbody=\toks36
\multlinegap=\skip78
\multlinetaggap=\skip79
\mathdisplay@stack=\toks37
LaTeX Info: Redefining \[ on input line 2949.
LaTeX Info: Redefining \] on input line 2950.
)
\g_MT_multlinerow_int=\count330
\l_MT_multwidth_dim=\dimen285
\origjot=\skip80
\l_MT_shortvdotswithinadjustabove_dim=\dimen286
\l_MT_shortvdotswithinadjustbelow_dim=\dimen287
\l_MT_above_intertext_sep=\dimen288
\l_MT_below_intertext_sep=\dimen289
\l_MT_above_shortintertext_sep=\dimen290
\l_MT_below_shortintertext_sep=\dimen291
\xmathstrut@box=\box73
\xmathstrut@dim=\dimen292
) (/nix/store/phgzpfd1ghxamcz18bi1rivm0xqz7n73-texlive-combined-2025-texmfdist/tex/latex/tools/multicol.sty
Package: multicol 2025/05/25 v2.0a multicolumn formatting (FMi)
\c@tracingmulticols=\count331
\mult@box=\box74
\multicol@leftmargin=\dimen293
\c@unbalance=\count332
\c@collectmore=\count333
\doublecol@number=\count334
\multicoltolerance=\count335
\multicolpretolerance=\count336
\full@width=\dimen294
\page@free=\dimen295
\premulticols=\dimen296
\postmulticols=\dimen297
\multicolsep=\skip81
\multicolbaselineskip=\skip82
\partial@page=\box75
\last@line=\box76
\mc@boxedresult=\box77
\maxbalancingoverflow=\dimen298
\mult@rightbox=\box78
\mult@grightbox=\box79
\mult@firstbox=\box80
\mult@gfirstbox=\box81
\@tempa=\box82
\@tempa=\box83
\@tempa=\box84
\@tempa=\box85
\@tempa=\box86
\@tempa=\box87
\@tempa=\box88
\@tempa=\box89
\@tempa=\box90
\@tempa=\box91
\@tempa=\box92
\@tempa=\box93
\@tempa=\box94
\@tempa=\box95
\@tempa=\box96
\@tempa=\box97
\@tempa=\box98
\@tempa=\box99
\@tempa=\box100
\@tempa=\box101
\@tempa=\box102
\@tempa=\box103
\@tempa=\box104
\@tempa=\box105
\@tempa=\box106
\@tempa=\box107
\@tempa=\box108
\@tempa=\box109
\@tempa=\box110
\@tempa=\box111
\@tempa=\box112
\@tempa=\box113
\@tempa=\box114
\@tempa=\box115
\@tempa=\box116
\@tempa=\box117
\c@minrows=\count337
\c@columnbadness=\count338
\c@finalcolumnbadness=\count339
\last@try=\dimen299
\multicolovershoot=\dimen300
\multicolundershoot=\dimen301
\mult@nat@firstbox=\box118
\colbreak@box=\box119
\mc@col@check@num=\count340
\g__mc_curr_col_int=\count341
) (/nix/store/phgzpfd1ghxamcz18bi1rivm0xqz7n73-texlive-combined-2025-texmfdist/tex/latex/caption/caption.sty
Package: caption 2023/08/05 v3.6o Customizing captions (AR)
 (/nix/store/phgzpfd1ghxamcz18bi1rivm0xqz7n73-texlive-combined-2025-texmfdist/tex/latex/caption/caption3.sty
Package: caption3 2023/07/31 v2.4d caption3 kernel (AR)
\caption@tempdima=\dimen302
\captionmargin=\dimen303
\caption@leftmargin=\dimen304
\caption@rightmargin=\dimen305
\caption@width=\dimen306
\caption@indent=\dimen307
\caption@parindent=\dimen308
\caption@hangindent=\dimen309
Package caption Info: Standard document class detected.
)
\c@caption@flags=\count342
\c@continuedfloat=\count343
) (/nix/store/phgzpfd1ghxamcz18bi1rivm0xqz7n73-texlive-combined-2025-texmfdist/tex/latex/tools/array.sty
Package: array 2025/06/08 v2.6j Tabular extension package (FMi)
\col@sep=\dimen310
\ar@mcellbox=\box120
\extrarowheight=\dimen311
\NC@list=\toks38
\extratabsurround=\skip83
\backup@length=\skip84
\ar@cellbox=\box121
) (/nix/store/phgzpfd1ghxamcz18bi1rivm0xqz7n73-texlive-combined-2025-texmfdist/tex/latex/booktabs/booktabs.sty
Package: booktabs 2020/01/12 v1.61803398 Publication quality tables
\heavyrulewidth=\dimen312
\lightrulewidth=\dimen313
\cmidrulewidth=\dimen314
\belowrulesep=\dimen315
\belowbottomsep=\dimen316
\aboverulesep=\dimen317
\abovetopsep=\dimen318
\cmidrulesep=\dimen319
\cmidrulekern=\dimen320
\defaultaddspace=\dimen321
\@cmidla=\count344
\@cmidlb=\count345
\@aboverulesep=\dimen322
\@belowrulesep=\dimen323
\@thisruleclass=\count346
\@lastruleclass=\count347
\@thisrulewidth=\dimen324
) (/nix/store/phgzpfd1ghxamcz18bi1rivm0xqz7n73-texlive-combined-2025-texmfdist/tex/latex/pgfplots/pgfplots.sty (/nix/store/phgzpfd1ghxamcz18bi1rivm0xqz7n73-texlive-combined-2025-texmfdist/tex/generic/pgfplots/pgfplots.revision.tex)
Package: pgfplots 2021/05/15 v1.18.1 Data Visualization (1.18.1)
 (/nix/store/phgzpfd1ghxamcz18bi1rivm0xqz7n73-texlive-combined-2025-texmfdist/tex/generic/pgfplots/pgfplots.code.tex (/nix/store/phgzpfd1ghxamcz18bi1rivm0xqz7n73-texlive-combined-2025-texmfdist/tex/generic/pgfplots/pgfplotscore.code.tex
\t@pgfplots@toka=\toks39
\t@pgfplots@tokb=\toks40
\t@pgfplots@tokc=\toks41
\pgfplots@tmpa=\dimen325
\c@pgfplots@coordindex=\count348
\c@pgfplots@scanlineindex=\count349
 (/nix/store/phgzpfd1ghxamcz18bi1rivm0xqz7n73-texlive-combined-2025-texmfdist/tex/generic/pgfplots/sys/pgfplotssysgeneric.code.tex)) (/nix/store/phgzpfd1ghxamcz18bi1rivm0xqz7n73-texlive-combined-2025-texmfdist/tex/generic/pgfplots/libs/pgfplotslibrary.code.tex) (/nix/store/phgzpfd1ghxamcz18bi1rivm0xqz7n73-texlive-combined-2025-texmfdist/tex/generic/pgfplots/oldpgfcompatib/pgfplotsoldpgfsupp_loader.code.tex (/nix/store/phgzpfd1ghxamcz18bi1rivm0xqz7n73-texlive-combined-2025-texmfdist/tex/generic/pgf/libraries/pgflibraryfpu.code.tex)
Package pgfplots: loading complementary utilities for your pgf version...
\t@pgf@toka=\toks42
\t@pgf@tokb=\toks43
\t@pgf@tokc=\toks44
(/nix/store/phgzpfd1ghxamcz18bi1rivm0xqz7n73-texlive-combined-2025-texmfdist/tex/generic/pgfplots/oldpgfcompatib/pgfplotsoldpgfsupp_pgfutil-common-lists.tex)) (/nix/store/phgzpfd1ghxamcz18bi1rivm0xqz7n73-texlive-combined-2025-texmfdist/tex/generic/pgfplots/util/pgfplotsutil.code.tex (/nix/store/phgzpfd1ghxamcz18bi1rivm0xqz7n73-texlive-combined-2025-texmfdist/tex/generic/pgfplots/liststructure/pgfplotsliststructure.code.tex) (/nix/store/phgzpfd1ghxamcz18bi1rivm0xqz7n73-texlive-combined-2025-texmfdist/tex/generic/pgfplots/liststructure/pgfplotsliststructureext.code.tex) (/nix/store/phgzpfd1ghxamcz18bi1rivm0xqz7n73-texlive-combined-2025-texmfdist/tex/generic/pgfplots/liststructure/pgfplotsarray.code.tex
\c@pgfplotsarray@tmp=\count350
) (/nix/store/phgzpfd1ghxamcz18bi1rivm0xqz7n73-texlive-combined-2025-texmfdist/tex/generic/pgfplots/liststructure/pgfplotsmatrix.code.tex) (/nix/store/phgzpfd1ghxamcz18bi1rivm0xqz7n73-texlive-combined-2025-texmfdist/tex/generic/pgfplots/numtable/pgfplotstableshared.code.tex
\c@pgfplotstable@counta=\count351
\t@pgfplotstable@a=\toks45
) (/nix/store/phgzpfd1ghxamcz18bi1rivm0xqz7n73-texlive-combined-2025-texmfdist/tex/generic/pgfplots/liststructure/pgfplotsdeque.code.tex) (/nix/store/phgzpfd1ghxamcz18bi1rivm0xqz7n73-texlive-combined-2025-texmfdist/tex/generic/pgfplots/util/pgfplotsbinary.code.tex (/nix/store/phgzpfd1ghxamcz18bi1rivm0xqz7n73-texlive-combined-2025-texmfdist/tex/generic/pgfplots/util/pgfplotsbinary.data.code.tex)) (/nix/store/phgzpfd1ghxamcz18bi1rivm0xqz7n73-texlive-combined-2025-texmfdist/tex/generic/pgfplots/util/pgfplotsutil.verb.code.tex) (/nix/store/phgzpfd1ghxamcz18bi1rivm0xqz7n73-texlive-combined-2025-texmfdist/tex/generic/pgfplots/libs/pgflibrarypgfplots.surfshading.code.tex
\c@pgfplotslibrarysurf@no=\count352
 (/nix/store/phgzpfd1ghxamcz18bi1rivm0xqz7n73-texlive-combined-2025-texmfdist/tex/generic/pgfplots/sys/pgflibrarypgfplots.surfshading.pgfsys-pdftex.def))) (/nix/store/phgzpfd1ghxamcz18bi1rivm0xqz7n73-texlive-combined-2025-texmfdist/tex/generic/pgfplots/util/pgfplotscolormap.code.tex (/nix/store/phgzpfd1ghxamcz18bi1rivm0xqz7n73-texlive-combined-2025-texmfdist/tex/generic/pgfplots/util/pgfplotscolor.code.tex)) (/nix/store/phgzpfd1ghxamcz18bi1rivm0xqz7n73-texlive-combined-2025-texmfdist/tex/generic/pgfplots/pgfplotsstackedplots.code.tex) (/nix/store/phgzpfd1ghxamcz18bi1rivm0xqz7n73-texlive-combined-2025-texmfdist/tex/generic/pgfplots/pgfplotsplothandlers.code.tex (/nix/store/phgzpfd1ghxamcz18bi1rivm0xqz7n73-texlive-combined-2025-texmfdist/tex/generic/pgfplots/pgfplotsmeshplothandler.code.tex (/nix/store/phgzpfd1ghxamcz18bi1rivm0xqz7n73-texlive-combined-2025-texmfdist/tex/generic/pgfplots/pgfplotsmeshplotimage.code.tex))) (/nix/store/phgzpfd1ghxamcz18bi1rivm0xqz7n73-texlive-combined-2025-texmfdist/tex/generic/pgfplots/pgfplots.scaling.code.tex) (/nix/store/phgzpfd1ghxamcz18bi1rivm0xqz7n73-texlive-combined-2025-texmfdist/tex/generic/pgfplots/pgfplotscoordprocessing.code.tex) (/nix/store/phgzpfd1ghxamcz18bi1rivm0xqz7n73-texlive-combined-2025-texmfdist/tex/generic/pgfplots/pgfplots.errorbars.code.tex) (/nix/store/phgzpfd1ghxamcz18bi1rivm0xqz7n73-texlive-combined-2025-texmfdist/tex/generic/pgfplots/pgfplots.markers.code.tex) (/nix/store/phgzpfd1ghxamcz18bi1rivm0xqz7n73-texlive-combined-2025-texmfdist/tex/generic/pgfplots/pgfplotsticks.code.tex) (/nix/store/phgzpfd1ghxamcz18bi1rivm0xqz7n73-texlive-combined-2025-texmfdist/tex/generic/pgfplots/pgfplots.paths.code.tex) (/nix/store/phgzpfd1ghxamcz18bi1rivm0xqz7n73-texlive-combined-2025-texmfdist/tex/generic/pgfplots/libs/tikzlibrarypgfplots.contourlua.code.tex)
\pgfplots@numplots=\count353
\pgfplots@xmin@reg=\dimen326
\pgfplots@xmax@reg=\dimen327
\pgfplots@ymin@reg=\dimen328
\pgfplots@ymax@reg=\dimen329
\pgfplots@zmin@reg=\dimen330
\pgfplots@zmax@reg=\dimen331
) (/nix/store/phgzpfd1ghxamcz18bi1rivm0xqz7n73-texlive-combined-2025-texmfdist/tex/generic/pgf/frontendlayer/tikz/libraries/tikzlibraryplotmarks.code.tex
File: tikzlibraryplotmarks.code.tex 2023-01-15 v3.1.10 (3.1.10)
 (/nix/store/phgzpfd1ghxamcz18bi1rivm0xqz7n73-texlive-combined-2025-texmfdist/tex/generic/pgf/libraries/pgflibraryplotmarks.code.tex
File: pgflibraryplotmarks.code.tex 2023-01-15 v3.1.10 (3.1.10)
))) (/nix/store/phgzpfd1ghxamcz18bi1rivm0xqz7n73-texlive-combined-2025-texmfdist/tex/latex/enumitem/enumitem.sty
Package: enumitem 2025/02/06 v3.11 Customized lists
\enitkv@toks@=\toks46
\labelindent=\skip85
\enit@outerparindent=\dimen332
\enit@toks=\toks47
\enit@inbox=\box122
\enit@count@id=\count354
\enitdp@description=\count355
) (/nix/store/phgzpfd1ghxamcz18bi1rivm0xqz7n73-texlive-combined-2025-texmfdist/tex/latex/url/url.sty
\Urlmuskip=\muskip18
Package: url 2013/09/16  ver 3.4  Verb mode for urls, etc.
) (/nix/store/phgzpfd1ghxamcz18bi1rivm0xqz7n73-texlive-combined-2025-texmfdist/tex/latex/l3backend/l3backend-pdftex.def
File: l3backend-pdftex.def 2025-06-09 L3 backend support: PDF output (pdfTeX)
\l__color_backend_stack_int=\count356
)

LaTeX Warning: Unused global option(s):
    [fontscale=0.54].

No file poster.aux.
\openout1 = `poster.aux'.

LaTeX Font Info:    Checking defaults for OML/cmm/m/it on input line 32.
LaTeX Font Info:    ... okay on input line 32.
LaTeX Font Info:    Checking defaults for OMS/cmsy/m/n on input line 32.
LaTeX Font Info:    ... okay on input line 32.
LaTeX Font Info:    Checking defaults for OT1/cmr/m/n on input line 32.
LaTeX Font Info:    ... okay on input line 32.
LaTeX Font Info:    Checking defaults for T1/cmr/m/n on input line 32.
LaTeX Font Info:    ... okay on input line 32.
LaTeX Font Info:    Checking defaults for TS1/cmr/m/n on input line 32.
LaTeX Font Info:    ... okay on input line 32.
LaTeX Font Info:    Checking defaults for OMX/cmex/m/n on input line 32.
LaTeX Font Info:    ... okay on input line 32.
LaTeX Font Info:    Checking defaults for U/cmr/m/n on input line 32.
LaTeX Font Info:    ... okay on input line 32.
(/nix/store/phgzpfd1ghxamcz18bi1rivm0xqz7n73-texlive-combined-2025-texmfdist/tex/context/base/mkii/supp-pdf.mkii
[Loading MPS to PDF converter (version 2006.09.02).]
\scratchcounter=\count357
\scratchdimen=\dimen333
\scratchbox=\box123
\nofMPsegments=\count358
\nofMParguments=\count359
\everyMPshowfont=\toks48
\MPscratchCnt=\count360
\MPscratchDim=\dimen334
\MPnumerator=\count361
\makeMPintoPDFobject=\count362
\everyMPtoPDFconversion=\toks49
) (/nix/store/phgzpfd1ghxamcz18bi1rivm0xqz7n73-texlive-combined-2025-texmfdist/tex/latex/epstopdf-pkg/epstopdf-base.sty
Package: epstopdf-base 2020-01-24 v2.11 Base part for package epstopdf
Package epstopdf-base Info: Redefining graphics rule for `.eps' on input line 485.
 (/nix/store/phgzpfd1ghxamcz18bi1rivm0xqz7n73-texlive-combined-2025-texmfdist/tex/latex/latexconfig/epstopdf-sys.cfg
File: epstopdf-sys.cfg 2010/07/13 v1.3 Configuration of (r)epstopdf for TeX Live
))
*geometry* driver: auto-detecting
*geometry* detected driver: pdftex
*geometry* verbose mode - [ preamble ] result:
* driver: pdftex
* paper: custom
* layout: <same size as paper>
* layoutoffset:(h,v)=(0.0pt,0.0pt)
* modes: 
* h-part:(L,W,R)=(23.04643pt, 866.54637pt, 23.04643pt)
* v-part:(T,H,B)=(23.04643pt, 1246.04453pt, 23.04643pt)
* \paperwidth=912.63924pt
* \paperheight=1292.13739pt
* \textwidth=866.54637pt
* \textheight=1246.04453pt
* \oddsidemargin=-49.22356pt
* \evensidemargin=-49.22356pt
* \topmargin=-86.22356pt
* \headheight=12.0pt
* \headsep=25.0pt
* \topskip=10.0pt
* \footskip=30.0pt
* \marginparwidth=65.0pt
* \marginparsep=11.0pt
* \columnsep=10.0pt
* \skip\footins=9.0pt plus 4.0pt minus 2.0pt
* \hoffset=0.0pt
* \voffset=0.0pt
* \mag=1000
* \@twocolumnfalse
* \@twosidefalse
* \@mparswitchfalse
* \@reversemarginfalse
* (1in=72.27pt=25.4mm, 1cm=28.453pt)

Package caption Info: Begin \AtBeginDocument code.
Package caption Info: End \AtBeginDocument code.

Package pgfplots Warning: running in backwards compatibility mode (unsuitable tick labels; missing features). Consider writing \pgfplotsset{compat=1.18} into your preamble.
 on input line 32.

<images/logos/UWr_Logo.jpg, id=29, 48.18pt x 18.0675pt>
File: images/logos/UWr_Logo.jpg Graphic file (type jpg)
<use images/logos/UWr_Logo.jpg>
Package pdftex.def Info: images/logos/UWr_Logo.jpg  used on input line 97.
(pdftex.def)             Requested size: 116.31285pt x 43.61497pt.
<images/logos/KSI_Logo.png, id=30, 48.18pt x 18.0675pt>
File: images/logos/KSI_Logo.png Graphic file (type png)
<use images/logos/KSI_Logo.png>
Package pdftex.def Info: images/logos/KSI_Logo.png  used on input line 97.
(pdftex.def)             Requested size: 106.344pt x 39.87675pt.
LaTeX Font Info:    Trying to load font information for U+msa on input line 97.
(/nix/store/phgzpfd1ghxamcz18bi1rivm0xqz7n73-texlive-combined-2025-texmfdist/tex/latex/amsfonts/umsa.fd
File: umsa.fd 2013/01/14 v3.01 AMS symbols A
)
LaTeX Font Info:    Trying to load font information for U+msb on input line 97.
 (/nix/store/phgzpfd1ghxamcz18bi1rivm0xqz7n73-texlive-combined-2025-texmfdist/tex/latex/amsfonts/umsb.fd
File: umsb.fd 2013/01/14 v3.01 AMS symbols B
)
<images/logos/qrcode.png, id=32, 1505.625pt x 1505.625pt>
File: images/logos/qrcode.png Graphic file (type png)
<use images/logos/qrcode.png>
Package pdftex.def Info: images/logos/qrcode.png  used on input line 97.
(pdftex.def)             Requested size: 87.20914pt x 87.22804pt.








Missing character: There is no ; in font nullfont!
Missing character: There is no ; in font nullfont!
Missing character: There is no ; in font nullfont!
Missing character: There is no ; in font nullfont!
Missing character: There is no ; in font nullfont!
Missing character: There is no ; in font nullfont!
Missing character: There is no ; in font nullfont!
Missing character: There is no ; in font nullfont!
Missing character: There is no ; in font nullfont!
Missing character: There is no ; in font nullfont!
Missing character: There is no ; in font nullfont!
Missing character: There is no ; in font nullfont!
Missing character: There is no ; in font nullfont!
Missing character: There is no ; in font nullfont!
Missing character: There is no ; in font nullfont!
Missing character: There is no ; in font nullfont!
Missing character: There is no ; in font nullfont!
Missing character: There is no ; in font nullfont!
Missing character: There is no ; in font nullfont!
Missing character: There is no ; in font nullfont!
Missing character: There is no ; in font nullfont!
<images/adversarial_examples/cw_example_cifar10_1.png, id=33, 1284.8pt x 722.7pt>
File: images/adversarial_examples/cw_example_cifar10_1.png Graphic file (type png)
<use images/adversarial_examples/cw_example_cifar10_1.png>
Package pdftex.def Info: images/adversarial_examples/cw_example_cifar10_1.png  used on input line 221.
(pdftex.def)             Requested size: 257.69572pt x 144.94545pt.
<images/adversarial_examples/fgsm_example_cifar10_2.png, id=34, 1284.8pt x 722.7pt>
File: images/adversarial_examples/fgsm_example_cifar10_2.png Graphic file (type png)
<use images/adversarial_examples/fgsm_example_cifar10_2.png>
Package pdftex.def Info: images/adversarial_examples/fgsm_example_cifar10_2.png  used on input line 225.
(pdftex.def)             Requested size: 257.69572pt x 144.94545pt.
<images/adversarial_examples/pgd_example_cifar10_3.png, id=35, 1284.8pt x 722.7pt>
File: images/adversarial_examples/pgd_example_cifar10_3.png Graphic file (type png)
<use images/adversarial_examples/pgd_example_cifar10_3.png>
Package pdftex.def Info: images/adversarial_examples/pgd_example_cifar10_3.png  used on input line 229.
(pdftex.def)             Requested size: 257.69572pt x 144.94545pt.
Missing character: There is no ; in font nullfont!
Missing character: There is no ; in font nullfont!
Missing character: There is no ; in font nullfont!
Missing character: There is no ; in font nullfont!
Missing character: There is no ; in font nullfont!
Missing character: There is no ; in font nullfont!
Missing character: There is no ; in font nullfont!
Missing character: There is no ; in font nullfont!
Missing character: There is no ; in font nullfont!

LaTeX Warning: File `images/results/attack_comparison_original.png' not found on input line 270.


/Users/igorjakus/Projects/dinomite/poster/poster.tex:270: Package pdftex.def Error: File `images/results/attack_comparison_original.png' not found: using draft setting.

See the pdftex.def package documentation for explanation.
Type  H <return>  for immediate help.
 ...                                              
                                                  
l.270 ...s/results/attack_comparison_original.png}
                                                  
Try typing  <return>  to proceed.
If that doesn't work, type  X <return>  to quit.

Missing character: There is no ; in font nullfont!
Missing character: There is no ; in font nullfont!
Missing character: There is no ; in font nullfont!

LaTeX Warning: File `images/results/robustness_comparison_pgd.png' not found on input line 276.


/Users/igorjakus/Projects/dinomite/poster/poster.tex:276: Package pdftex.def Error: File `images/results/robustness_comparison_pgd.png' not found: using draft setting.

See the pdftex.def package documentation for explanation.
Type  H <return>  for immediate help.
 ...                                              
                                                  
l.276 ...es/results/robustness_comparison_pgd.png}
                                                  
Try typing  <return>  to proceed.
If that doesn't work, type  X <return>  to quit.

Missing character: There is no ; in font nullfont!
Missing character: There is no ; in font nullfont!
Missing character: There is no ; in font nullfont!


[2

{/nix/store/rga3dnbvmcl02blnk6xdrfiqpjifa074-texlive-combined-2025/share/texmf-var/fonts/map/pdftex/updmap/pdftex.map}{/nix/store/phgzpfd1ghxamcz18bi1rivm0xqz7n73-texlive-combined-2025-texmfdist/fonts/enc/dvips/cm-super/cm-super-t1.enc}{/nix/store/phgzpfd1ghxamcz18bi1rivm0xqz7n73-texlive-combined-2025-texmfdist/fonts/enc/dvips/cm-super/cm-super-ts1.enc} <./images/logos/UWr_Logo.jpg> <./images/logos/KSI_Logo.png> <./images/logos/qrcode.png> <./images/adversarial_examples/cw_example_cifar10_1.png (PNG copy)> <./images/adversarial_examples/fgsm_example_cifar10_2.png (PNG copy)> <./images/adversarial_examples/pgd_example_cifar10_3.png (PNG copy)>] (./poster.aux)
 ***********
LaTeX2e <2025-06-01> patch level 1
L3 programming layer <2025-06-09>
 ***********


LaTeX Warning: Label(s) may have changed. Rerun to get cross-references right.

 ) 
Here is how much of TeX's memory you used:
 28841 strings out of 467888
 738317 string characters out of 5412697
 1263890 words of memory out of 5000000
 56944 multiletter control sequences out of 15000+600000
 646063 words of font info for 88 fonts, out of 8000000 for 9000
 1141 hyphenation exceptions out of 8191
 117i,12n,121p,765b,1047s stack positions out of 10000i,1000n,20000p,200000b,200000s
</nix/store/phgzpfd1ghxamcz18bi1rivm0xqz7n73-texlive-combined-2025-texmfdist/fonts/type1/public/amsfonts/cm/cmmi10.pfb></nix/store/phgzpfd1ghxamcz18bi1rivm0xqz7n73-texlive-combined-2025-texmfdist/fonts/type1/public/amsfonts/cm/cmmi7.pfb></nix/store/phgzpfd1ghxamcz18bi1rivm0xqz7n73-texlive-combined-2025-texmfdist/fonts/type1/public/amsfonts/cm/cmmi9.pfb></nix/store/phgzpfd1ghxamcz18bi1rivm0xqz7n73-texlive-combined-2025-texmfdist/fonts/type1/public/amsfonts/cm/cmr10.pfb></nix/store/phgzpfd1ghxamcz18bi1rivm0xqz7n73-texlive-combined-2025-texmfdist/fonts/type1/public/amsfonts/cm/cmr7.pfb></nix/store/phgzpfd1ghxamcz18bi1rivm0xqz7n73-texlive-combined-2025-texmfdist/fonts/type1/public/amsfonts/cm/cmsy10.pfb></nix/store/phgzpfd1ghxamcz18bi1rivm0xqz7n73-texlive-combined-2025-texmfdist/fonts/type1/public/amsfonts/cm/cmsy6.pfb></nix/store/phgzpfd1ghxamcz18bi1rivm0xqz7n73-texlive-combined-2025-texmfdist/fonts/type1/public/amsfonts/cm/cmsy7.pfb></nix/store/phgzpfd1ghxamcz18bi1rivm0xqz7n73-texlive-combined-2025-texmfdist/fonts/type1/public/amsfonts/cm/cmsy8.pfb></nix/store/phgzpfd1ghxamcz18bi1rivm0xqz7n73-texlive-combined-2025-texmfdist/fonts/type1/public/amsfonts/symbols/msbm10.pfb></nix/store/phgzpfd1ghxamcz18bi1rivm0xqz7n73-texlive-combined-2025-texmfdist/fonts/type1/public/cm-super/sfbx0900.pfb></nix/store/phgzpfd1ghxamcz18bi1rivm0xqz7n73-texlive-combined-2025-texmfdist/fonts/type1/public/cm-super/sfbx1000.pfb></nix/store/phgzpfd1ghxamcz18bi1rivm0xqz7n73-texlive-combined-2025-texmfdist/fonts/type1/public/cm-super/sfbx1200.pfb></nix/store/phgzpfd1ghxamcz18bi1rivm0xqz7n73-texlive-combined-2025-texmfdist/fonts/type1/public/cm-super/sfbx2488.pfb></nix/store/phgzpfd1ghxamcz18bi1rivm0xqz7n73-texlive-combined-2025-texmfdist/fonts/type1/public/cm-super/sfrm0900.pfb></nix/store/phgzpfd1ghxamcz18bi1rivm0xqz7n73-texlive-combined-2025-texmfdist/fonts/type1/public/cm-super/sfrm1000.pfb></nix/store/phgzpfd1ghxamcz18bi1rivm0xqz7n73-texlive-combined-2025-texmfdist/fonts/type1/public/cm-super/sfrm1200.pfb></nix/store/phgzpfd1ghxamcz18bi1rivm0xqz7n73-texlive-combined-2025-texmfdist/fonts/type1/public/cm-super/sfsx1440.pfb></nix/store/phgzpfd1ghxamcz18bi1rivm0xqz7n73-texlive-combined-2025-texmfdist/fonts/type1/public/cm-super/sfti1000.pfb></nix/store/phgzpfd1ghxamcz18bi1rivm0xqz7n73-texlive-combined-2025-texmfdist/fonts/type1/public/cm-super/sftt1000.pfb>
Output written on poster.pdf (1 page, 1899328 bytes).
PDF statistics:
 149 PDF objects out of 1000 (max. 8388607)
 80 compressed objects within 1 object stream
 0 named destinations out of 1000 (max. 500000)
 139 words of extra memory for PDF output out of 10000 (max. 10000000)

